ARM GAS  /tmp/ccAwq6JG.s 			page 1


   1              		.cpu cortex-m4
   2              		.eabi_attribute 27, 1
   3              		.eabi_attribute 28, 1
   4              		.eabi_attribute 20, 1
   5              		.eabi_attribute 21, 1
   6              		.eabi_attribute 23, 3
   7              		.eabi_attribute 24, 1
   8              		.eabi_attribute 25, 1
   9              		.eabi_attribute 26, 1
  10              		.eabi_attribute 30, 1
  11              		.eabi_attribute 34, 1
  12              		.eabi_attribute 18, 4
  13              		.file	"gpio.c"
  14              		.text
  15              	.Ltext0:
  16              		.cfi_sections	.debug_frame
  17              		.section	.text.MX_GPIO_Init,"ax",%progbits
  18              		.align	1
  19              		.global	MX_GPIO_Init
  20              		.syntax unified
  21              		.thumb
  22              		.thumb_func
  23              		.fpu fpv4-sp-d16
  25              	MX_GPIO_Init:
  26              	.LFB130:
  27              		.file 1 "Core/Src/gpio.c"
   1:Core/Src/gpio.c **** /* USER CODE BEGIN Header */
   2:Core/Src/gpio.c **** /**
   3:Core/Src/gpio.c ****   ******************************************************************************
   4:Core/Src/gpio.c ****   * @file    gpio.c
   5:Core/Src/gpio.c ****   * @brief   This file provides code for the configuration
   6:Core/Src/gpio.c ****   *          of all used GPIO pins.
   7:Core/Src/gpio.c ****   ******************************************************************************
   8:Core/Src/gpio.c ****   * @attention
   9:Core/Src/gpio.c ****   *
  10:Core/Src/gpio.c ****   * Copyright (c) 2023 STMicroelectronics.
  11:Core/Src/gpio.c ****   * All rights reserved.
  12:Core/Src/gpio.c ****   *
  13:Core/Src/gpio.c ****   * This software is licensed under terms that can be found in the LICENSE file
  14:Core/Src/gpio.c ****   * in the root directory of this software component.
  15:Core/Src/gpio.c ****   * If no LICENSE file comes with this software, it is provided AS-IS.
  16:Core/Src/gpio.c ****   *
  17:Core/Src/gpio.c ****   ******************************************************************************
  18:Core/Src/gpio.c ****   */
  19:Core/Src/gpio.c **** /* USER CODE END Header */
  20:Core/Src/gpio.c **** 
  21:Core/Src/gpio.c **** /* Includes ------------------------------------------------------------------*/
  22:Core/Src/gpio.c **** #include "gpio.h"
  23:Core/Src/gpio.c **** 
  24:Core/Src/gpio.c **** /* USER CODE BEGIN 0 */
  25:Core/Src/gpio.c **** 
  26:Core/Src/gpio.c **** /* USER CODE END 0 */
  27:Core/Src/gpio.c **** 
  28:Core/Src/gpio.c **** /*----------------------------------------------------------------------------*/
  29:Core/Src/gpio.c **** /* Configure GPIO                                                             */
  30:Core/Src/gpio.c **** /*----------------------------------------------------------------------------*/
  31:Core/Src/gpio.c **** /* USER CODE BEGIN 1 */
ARM GAS  /tmp/ccAwq6JG.s 			page 2


  32:Core/Src/gpio.c **** 
  33:Core/Src/gpio.c **** /* USER CODE END 1 */
  34:Core/Src/gpio.c **** 
  35:Core/Src/gpio.c **** /** Configure pins as
  36:Core/Src/gpio.c ****         * Analog
  37:Core/Src/gpio.c ****         * Input
  38:Core/Src/gpio.c ****         * Output
  39:Core/Src/gpio.c ****         * EVENT_OUT
  40:Core/Src/gpio.c ****         * EXTI
  41:Core/Src/gpio.c **** */
  42:Core/Src/gpio.c **** void MX_GPIO_Init(void)
  43:Core/Src/gpio.c **** {
  28              		.loc 1 43 0
  29              		.cfi_startproc
  30              		@ args = 0, pretend = 0, frame = 8
  31              		@ frame_needed = 0, uses_anonymous_args = 0
  32              		@ link register save eliminated.
  33 0000 82B0     		sub	sp, sp, #8
  34              	.LCFI0:
  35              		.cfi_def_cfa_offset 8
  36              	.LBB2:
  44:Core/Src/gpio.c **** 
  45:Core/Src/gpio.c ****   /* GPIO Ports Clock Enable */
  46:Core/Src/gpio.c ****   __HAL_RCC_GPIOH_CLK_ENABLE();
  37              		.loc 1 46 0
  38 0002 0021     		movs	r1, #0
  39 0004 0091     		str	r1, [sp]
  40 0006 0B4B     		ldr	r3, .L3
  41 0008 1A6B     		ldr	r2, [r3, #48]
  42 000a 42F08002 		orr	r2, r2, #128
  43 000e 1A63     		str	r2, [r3, #48]
  44 0010 1A6B     		ldr	r2, [r3, #48]
  45 0012 02F08002 		and	r2, r2, #128
  46 0016 0092     		str	r2, [sp]
  47 0018 009A     		ldr	r2, [sp]
  48              	.LBE2:
  49              	.LBB3:
  47:Core/Src/gpio.c ****   __HAL_RCC_GPIOA_CLK_ENABLE();
  50              		.loc 1 47 0
  51 001a 0191     		str	r1, [sp, #4]
  52 001c 1A6B     		ldr	r2, [r3, #48]
  53 001e 42F00102 		orr	r2, r2, #1
  54 0022 1A63     		str	r2, [r3, #48]
  55 0024 1B6B     		ldr	r3, [r3, #48]
  56 0026 03F00103 		and	r3, r3, #1
  57 002a 0193     		str	r3, [sp, #4]
  58 002c 019B     		ldr	r3, [sp, #4]
  59              	.LBE3:
  48:Core/Src/gpio.c **** 
  49:Core/Src/gpio.c **** }
  60              		.loc 1 49 0
  61 002e 02B0     		add	sp, sp, #8
  62              	.LCFI1:
  63              		.cfi_def_cfa_offset 0
  64              		@ sp needed
  65 0030 7047     		bx	lr
  66              	.L4:
ARM GAS  /tmp/ccAwq6JG.s 			page 3


  67 0032 00BF     		.align	2
  68              	.L3:
  69 0034 00380240 		.word	1073887232
  70              		.cfi_endproc
  71              	.LFE130:
  73              		.text
  74              	.Letext0:
  75              		.file 2 "/usr/include/newlib/machine/_default_types.h"
  76              		.file 3 "/usr/include/newlib/sys/_stdint.h"
  77              		.file 4 "Drivers/CMSIS/Include/core_cm4.h"
  78              		.file 5 "Drivers/CMSIS/Device/ST/STM32F4xx/Include/system_stm32f4xx.h"
  79              		.file 6 "Drivers/CMSIS/Device/ST/STM32F4xx/Include/stm32f407xx.h"
  80              		.file 7 "Drivers/STM32F4xx_HAL_Driver/Inc/stm32f4xx_hal.h"
ARM GAS  /tmp/ccAwq6JG.s 			page 4


DEFINED SYMBOLS
                            *ABS*:0000000000000000 gpio.c
     /tmp/ccAwq6JG.s:18     .text.MX_GPIO_Init:0000000000000000 $t
     /tmp/ccAwq6JG.s:25     .text.MX_GPIO_Init:0000000000000000 MX_GPIO_Init
     /tmp/ccAwq6JG.s:69     .text.MX_GPIO_Init:0000000000000034 $d
                     .debug_frame:0000000000000010 $d

NO UNDEFINED SYMBOLS
